Aug 01, 2024 8:30:58 PM com.ruzzz.nemo.panel.IncomePanel calculateIncomeAndProfitCombo
WARNING: ERROR WHILE CALCULATE IMCOME TOTAL BY COMBOBOXjava.lang.NullPointerException
Aug 01, 2024 8:31:12 PM com.ruzzz.nemo.panel.IncomePanel printExcel
WARNING: TABLE EXPORT ERROR; Error: java.io.FileNotFoundException: excel\income-2024-08-01-17225244724490 (The system cannot find the path specified)
Aug 01, 2024 9:14:06 PM com.ruzzz.nemo.gui.ControlPanel formWindowClosing
WARNING: SYSTEM CLOSE LOG UPDATE ERROR; Error: com.mysql.cj.jdbc.exceptions.CommunicationsException: Communications link failure

The last packet successfully received from the server was 196,139 milliseconds ago. The last packet sent successfully to the server was 196,287 milliseconds ago.
Aug 01, 2024 9:22:14 PM com.ruzzz.nemo.panel.IncomePanel calculateIncomeAndProfitCombo
WARNING: ERROR WHILE CALCULATE IMCOME TOTAL BY COMBOBOXjava.lang.NullPointerException
Aug 01, 2024 9:39:15 PM com.ruzzz.nemo.gui.ControlPanel formWindowClosing
WARNING: SYSTEM CLOSE LOG UPDATE ERROR; Error: com.mysql.cj.jdbc.exceptions.CommunicationsException: Communications link failure

The last packet successfully received from the server was 57,520 milliseconds ago. The last packet sent successfully to the server was 57,657 milliseconds ago.
Aug 01, 2024 9:51:47 PM com.ruzzz.nemo.panel.IncomePanel calculateIncomeAndProfitCombo
WARNING: ERROR WHILE CALCULATE IMCOME TOTAL BY COMBOBOXjava.lang.NullPointerException
Aug 03, 2024 1:29:16 PM com.ruzzz.nemo.panel.IncomePanel calculateIncomeAndProfitCombo
WARNING: ERROR WHILE CALCULATE IMCOME TOTAL BY COMBOBOXjava.lang.NullPointerException
Aug 03, 2024 1:44:17 PM com.ruzzz.nemo.gui.ControlPanel formWindowClosing
WARNING: SYSTEM CLOSE LOG UPDATE ERROR; Error: com.mysql.cj.jdbc.exceptions.CommunicationsException: Communications link failure

The last packet successfully received from the server was 900,900 milliseconds ago. The last packet sent successfully to the server was 900,986 milliseconds ago.
Aug 03, 2024 1:47:12 PM com.ruzzz.nemo.panel.IncomePanel calculateIncomeAndProfitCombo
WARNING: ERROR WHILE CALCULATE IMCOME TOTAL BY COMBOBOXjava.lang.NullPointerException
Aug 03, 2024 2:08:45 PM com.ruzzz.nemo.gui.ControlPanel formWindowClosing
WARNING: SYSTEM CLOSE LOG UPDATE ERROR; Error: com.mysql.cj.jdbc.exceptions.CommunicationsException: Communications link failure

The last packet successfully received from the server was 1,251,938 milliseconds ago. The last packet sent successfully to the server was 1,252,046 milliseconds ago.
Aug 03, 2024 2:16:29 PM com.ruzzz.nemo.panel.IncomePanel calculateIncomeAndProfitCombo
WARNING: ERROR WHILE CALCULATE IMCOME TOTAL BY COMBOBOXjava.lang.NullPointerException
Aug 03, 2024 2:26:40 PM com.ruzzz.nemo.panel.IncomePanel calculateIncomeAndProfitCombo
WARNING: ERROR WHILE CALCULATE IMCOME TOTAL BY COMBOBOXjava.lang.NullPointerException
Aug 03, 2024 2:28:02 PM com.ruzzz.nemo.panel.IncomePanel calculateIncomeAndProfitCombo
WARNING: ERROR WHILE CALCULATE IMCOME TOTAL BY COMBOBOXjava.lang.NullPointerException
Aug 03, 2024 2:28:10 PM com.ruzzz.nemo.panel.IncomePanel calculateIncomeAndProfitCombo
WARNING: ERROR WHILE CALCULATE IMCOME TOTAL BY COMBOBOXjava.lang.NullPointerException
Aug 03, 2024 4:47:13 PM com.ruzzz.nemo.gui.ControlPanel formWindowClosing
WARNING: SYSTEM CLOSE LOG UPDATE ERROR; Error: com.mysql.cj.jdbc.exceptions.CommunicationsException: Communications link failure

The last packet successfully received from the server was 8,328,897 milliseconds ago. The last packet sent successfully to the server was 8,329,023 milliseconds ago.
Aug 03, 2024 10:06:05 PM com.ruzzz.nemo.panel.IncomePanel calculateIncomeAndProfitCombo
WARNING: ERROR WHILE CALCULATE IMCOME TOTAL BY COMBOBOXjava.lang.NullPointerException
Aug 10, 2024 5:57:04 PM com.ruzzz.nemo.panel.IncomePanel calculateIncomeAndProfitCombo
WARNING: ERROR WHILE CALCULATE IMCOME TOTAL BY COMBOBOXjava.lang.NullPointerException
Aug 10, 2024 5:57:13 PM com.ruzzz.nemo.panel.IncomePanel calculateIncomeAndProfitCombo
WARNING: ERROR WHILE CALCULATE IMCOME TOTAL BY COMBOBOXjava.lang.NullPointerException
Aug 10, 2024 5:59:00 PM com.ruzzz.nemo.panel.IncomePanel calculateIncomeAndProfitCombo
WARNING: ERROR WHILE CALCULATE IMCOME TOTAL BY COMBOBOXjava.lang.NullPointerException
Aug 10, 2024 6:00:24 PM com.ruzzz.nemo.panel.IncomePanel calculateIncomeAndProfitCombo
WARNING: ERROR WHILE CALCULATE IMCOME TOTAL BY COMBOBOXjava.lang.NullPointerException
Aug 15, 2024 1:33:14 AM com.ruzzz.nemo.gui.SignIn jButton1ActionPerformed
WARNING: PASSWORD RECOVARY Exception; Error: java.lang.NullPointerException
Aug 15, 2024 1:33:37 AM com.ruzzz.nemo.gui.SignIn jButton1ActionPerformed
WARNING: PASSWORD RECOVARY Exception; Error: java.lang.NullPointerException
Aug 15, 2024 1:34:37 AM com.ruzzz.nemo.gui.SignIn jButton1ActionPerformed
WARNING: PASSWORD RECOVARY Exception; Error: java.lang.NullPointerException
Aug 15, 2024 1:36:59 AM com.ruzzz.nemo.gui.SignIn jButton1ActionPerformed
WARNING: PASSWORD RECOVARY Exception; Error: java.lang.NullPointerException
Aug 15, 2024 1:49:30 AM com.ruzzz.nemo.gui.ControlPanel formWindowClosing
WARNING: SYSTEM CLOSE LOG UPDATE ERROR; Error: com.mysql.cj.jdbc.exceptions.CommunicationsException: Communications link failure

The last packet successfully received from the server was 658,727 milliseconds ago. The last packet sent successfully to the server was 658,839 milliseconds ago.
Aug 15, 2024 2:10:24 AM com.ruzzz.nemo.panel.ReservationListPanel loadReservations
WARNING: RESERVATION SEARCH ERROR; Error: com.mysql.cj.jdbc.exceptions.CommunicationsException: Communications link failure

The last packet successfully received from the server was 646,130 milliseconds ago. The last packet sent successfully to the server was 646,223 milliseconds ago.
Aug 15, 2024 2:10:24 AM com.ruzzz.nemo.panel.ReservationListPanel loadReservations
WARNING: RESERVATION SEARCH ERROR; Error: java.sql.SQLNonTransientConnectionException: No operations allowed after connection closed.
Aug 15, 2024 2:10:27 AM com.ruzzz.nemo.panel.ReservationListPanel loadReservations
WARNING: RESERVATION SEARCH ERROR; Error: java.sql.SQLNonTransientConnectionException: No operations allowed after connection closed.
Aug 15, 2024 2:10:27 AM com.ruzzz.nemo.panel.ReservationListPanel loadReservations
WARNING: RESERVATION SEARCH ERROR; Error: java.sql.SQLNonTransientConnectionException: No operations allowed after connection closed.
Aug 15, 2024 2:10:30 AM com.ruzzz.nemo.panel.ReservationListPanel loadReservations
WARNING: RESERVATION SEARCH ERROR; Error: java.sql.SQLNonTransientConnectionException: No operations allowed after connection closed.
Aug 15, 2024 2:10:30 AM com.ruzzz.nemo.panel.ReservationListPanel loadReservations
WARNING: RESERVATION SEARCH ERROR; Error: java.sql.SQLNonTransientConnectionException: No operations allowed after connection closed.
Aug 15, 2024 2:10:32 AM com.ruzzz.nemo.panel.ReservationListPanel loadReservations
WARNING: RESERVATION SEARCH ERROR; Error: java.sql.SQLNonTransientConnectionException: No operations allowed after connection closed.
Aug 15, 2024 2:10:32 AM com.ruzzz.nemo.panel.ReservationListPanel loadReservations
WARNING: RESERVATION SEARCH ERROR; Error: java.sql.SQLNonTransientConnectionException: No operations allowed after connection closed.
Aug 15, 2024 2:10:32 AM com.ruzzz.nemo.panel.ReservationListPanel loadReservations
WARNING: RESERVATION SEARCH ERROR; Error: java.sql.SQLNonTransientConnectionException: No operations allowed after connection closed.
Aug 15, 2024 2:10:32 AM com.ruzzz.nemo.panel.ReservationListPanel loadReservations
WARNING: RESERVATION SEARCH ERROR; Error: java.sql.SQLNonTransientConnectionException: No operations allowed after connection closed.
Aug 15, 2024 2:10:32 AM com.ruzzz.nemo.panel.ReservationListPanel loadReservations
WARNING: RESERVATION SEARCH ERROR; Error: java.sql.SQLNonTransientConnectionException: No operations allowed after connection closed.
Aug 15, 2024 2:10:32 AM com.ruzzz.nemo.panel.ReservationListPanel loadReservations
WARNING: RESERVATION SEARCH ERROR; Error: java.sql.SQLNonTransientConnectionException: No operations allowed after connection closed.
Aug 15, 2024 2:10:32 AM com.ruzzz.nemo.panel.ReservationListPanel loadReservations
WARNING: RESERVATION SEARCH ERROR; Error: java.sql.SQLNonTransientConnectionException: No operations allowed after connection closed.
Aug 15, 2024 2:10:32 AM com.ruzzz.nemo.panel.ReservationListPanel loadReservations
WARNING: RESERVATION SEARCH ERROR; Error: java.sql.SQLNonTransientConnectionException: No operations allowed after connection closed.
Aug 15, 2024 2:10:33 AM com.ruzzz.nemo.panel.ReservationListPanel loadReservations
WARNING: RESERVATION SEARCH ERROR; Error: java.sql.SQLNonTransientConnectionException: No operations allowed after connection closed.
Aug 15, 2024 2:10:33 AM com.ruzzz.nemo.panel.ReservationListPanel loadReservations
WARNING: RESERVATION SEARCH ERROR; Error: java.sql.SQLNonTransientConnectionException: No operations allowed after connection closed.
Aug 15, 2024 2:10:33 AM com.ruzzz.nemo.panel.ReservationListPanel loadReservations
WARNING: RESERVATION SEARCH ERROR; Error: java.sql.SQLNonTransientConnectionException: No operations allowed after connection closed.
Aug 15, 2024 2:10:33 AM com.ruzzz.nemo.panel.ReservationListPanel loadReservations
WARNING: RESERVATION SEARCH ERROR; Error: java.sql.SQLNonTransientConnectionException: No operations allowed after connection closed.
Aug 15, 2024 2:10:39 AM com.ruzzz.nemo.panel.CustomerPanel customerSort
WARNING: CUSTOMER LOADING loadCustomer() Exception; Error: java.sql.SQLNonTransientConnectionException: No operations allowed after connection closed.
Aug 15, 2024 2:10:39 AM com.ruzzz.nemo.panel.CustomerPanel customerSort
WARNING: CUSTOMER LOADING loadCustomer() Exception; Error: java.sql.SQLNonTransientConnectionException: No operations allowed after connection closed.
Aug 15, 2024 2:10:41 AM com.ruzzz.nemo.panel.CustomerPanel customerSort
WARNING: CUSTOMER LOADING loadCustomer() Exception; Error: java.sql.SQLNonTransientConnectionException: No operations allowed after connection closed.
Aug 15, 2024 2:10:41 AM com.ruzzz.nemo.panel.CustomerPanel customerSort
WARNING: CUSTOMER LOADING loadCustomer() Exception; Error: java.sql.SQLNonTransientConnectionException: No operations allowed after connection closed.
Aug 15, 2024 2:13:54 AM com.ruzzz.nemo.panel.ServicePanel loadServices
WARNING: SERVICE TABLE LOADING Exception; Error: java.sql.SQLNonTransientConnectionException: No operations allowed after connection closed.
Aug 15, 2024 2:13:59 AM com.ruzzz.nemo.panel.ServicePanel loadServices
WARNING: SERVICE TABLE LOADING Exception; Error: java.sql.SQLNonTransientConnectionException: No operations allowed after connection closed.
Aug 15, 2024 2:13:59 AM com.ruzzz.nemo.panel.ServicePanel loadServices
WARNING: SERVICE TABLE LOADING Exception; Error: java.sql.SQLNonTransientConnectionException: No operations allowed after connection closed.
Aug 15, 2024 2:14:00 AM com.ruzzz.nemo.panel.ServicePanel loadServices
WARNING: SERVICE TABLE LOADING Exception; Error: java.sql.SQLNonTransientConnectionException: No operations allowed after connection closed.
Aug 15, 2024 2:14:07 AM com.ruzzz.nemo.gui.ControlPanel formWindowClosing
WARNING: SYSTEM CLOSE LOG UPDATE ERROR; Error: java.sql.SQLNonTransientConnectionException: No operations allowed after connection closed.
Aug 15, 2024 2:15:58 AM com.ruzzz.nemo.panel.IncomePanel calculateIncomeAndProfitCombo
WARNING: ERROR WHILE CALCULATE IMCOME TOTAL BY COMBOBOXjava.lang.NullPointerException
Aug 15, 2024 2:27:23 AM com.ruzzz.nemo.panel.IncomePanel calculateIncomeAndProfitCombo
WARNING: ERROR WHILE CALCULATE IMCOME TOTAL BY COMBOBOXjava.lang.NullPointerException
Aug 15, 2024 3:15:23 AM com.ruzzz.nemo.gui.ControlPanel formWindowClosing
WARNING: SYSTEM CLOSE LOG UPDATE ERROR; Error: com.mysql.cj.jdbc.exceptions.CommunicationsException: Communications link failure

The last packet successfully received from the server was 2,880,115 milliseconds ago. The last packet sent successfully to the server was 2,880,225 milliseconds ago.
Aug 15, 2024 10:02:56 AM com.ruzzz.nemo.panel.IncomePanel calculateIncomeAndProfitCombo
WARNING: ERROR WHILE CALCULATE IMCOME TOTAL BY COMBOBOXjava.lang.NullPointerException
Aug 15, 2024 10:38:44 AM com.ruzzz.nemo.panel.IncomePanel loadIncomeTable
WARNING: ERROR WHILE LOADING INCOME TABLEcom.mysql.cj.jdbc.exceptions.CommunicationsException: Communications link failure

The last packet successfully received from the server was 2,148,330 milliseconds ago. The last packet sent successfully to the server was 2,148,420 milliseconds ago.
Aug 15, 2024 10:38:49 AM com.ruzzz.nemo.panel.EmployeePanel loadGenders
WARNING: GENDER LOADING Exception; Error: java.sql.SQLNonTransientConnectionException: No operations allowed after connection closed.
Aug 15, 2024 10:38:49 AM com.ruzzz.nemo.panel.EmployeePanel loadRole
WARNING: ROLE LOADING Exception; Error: java.sql.SQLNonTransientConnectionException: No operations allowed after connection closed.
Aug 15, 2024 10:38:49 AM com.ruzzz.nemo.panel.EmployeePanel loadStatus
WARNING: STATUS LOADING Exception; Error: java.sql.SQLNonTransientConnectionException: No operations allowed after connection closed.
Aug 15, 2024 10:38:49 AM com.ruzzz.nemo.panel.EmployeePanel loadEmployees
WARNING: EMPLOYEE LOADING TABLE Exception; Error: java.lang.NullPointerException
Aug 15, 2024 10:38:53 AM com.ruzzz.nemo.panel.EmployeePanel loadGenders
WARNING: GENDER LOADING Exception; Error: java.sql.SQLNonTransientConnectionException: No operations allowed after connection closed.
Aug 15, 2024 10:38:53 AM com.ruzzz.nemo.panel.EmployeePanel loadRole
WARNING: ROLE LOADING Exception; Error: java.sql.SQLNonTransientConnectionException: No operations allowed after connection closed.
Aug 15, 2024 10:38:53 AM com.ruzzz.nemo.panel.EmployeePanel loadStatus
WARNING: STATUS LOADING Exception; Error: java.sql.SQLNonTransientConnectionException: No operations allowed after connection closed.
Aug 15, 2024 10:38:53 AM com.ruzzz.nemo.panel.EmployeePanel loadEmployees
WARNING: EMPLOYEE LOADING TABLE Exception; Error: java.lang.NullPointerException
Aug 15, 2024 10:38:55 AM com.ruzzz.nemo.panel.ServicePanel loadServices
WARNING: SERVICE TABLE LOADING Exception; Error: java.sql.SQLNonTransientConnectionException: No operations allowed after connection closed.
Aug 15, 2024 10:38:57 AM com.ruzzz.nemo.panel.ReservationListPanel loadReservations
WARNING: RESERVATION SEARCH ERROR; Error: java.sql.SQLNonTransientConnectionException: No operations allowed after connection closed.
Aug 15, 2024 10:38:57 AM com.ruzzz.nemo.panel.ReservationListPanel loadReservations
WARNING: RESERVATION SEARCH ERROR; Error: java.sql.SQLNonTransientConnectionException: No operations allowed after connection closed.
Aug 15, 2024 10:38:58 AM com.ruzzz.nemo.panel.ReservationListPanel loadReservations
WARNING: RESERVATION SEARCH ERROR; Error: java.sql.SQLNonTransientConnectionException: No operations allowed after connection closed.
Aug 15, 2024 10:38:58 AM com.ruzzz.nemo.panel.ReservationListPanel loadReservations
WARNING: RESERVATION SEARCH ERROR; Error: java.sql.SQLNonTransientConnectionException: No operations allowed after connection closed.
Aug 15, 2024 10:38:59 AM com.ruzzz.nemo.panel.ReservationListPanel loadReservations
WARNING: RESERVATION SEARCH ERROR; Error: java.sql.SQLNonTransientConnectionException: No operations allowed after connection closed.
Aug 15, 2024 10:38:59 AM com.ruzzz.nemo.panel.ReservationListPanel loadReservations
WARNING: RESERVATION SEARCH ERROR; Error: java.sql.SQLNonTransientConnectionException: No operations allowed after connection closed.
Aug 15, 2024 10:39:02 AM com.ruzzz.nemo.gui.ControlPanel formWindowClosing
WARNING: SYSTEM CLOSE LOG UPDATE ERROR; Error: java.sql.SQLNonTransientConnectionException: No operations allowed after connection closed.
Aug 15, 2024 1:09:06 PM com.ruzzz.nemo.gui.ControlPanel formWindowClosing
WARNING: SYSTEM CLOSE LOG UPDATE ERROR; Error: com.mysql.cj.jdbc.exceptions.CommunicationsException: Communications link failure

The last packet successfully received from the server was 8,873,252 milliseconds ago. The last packet sent successfully to the server was 8,873,328 milliseconds ago.
Aug 15, 2024 8:14:44 PM com.ruzzz.nemo.gui.ControlPanel formWindowClosing
WARNING: SYSTEM CLOSE LOG UPDATE ERROR; Error: com.mysql.cj.jdbc.exceptions.CommunicationsException: Communications link failure

The last packet successfully received from the server was 25,117,749 milliseconds ago. The last packet sent successfully to the server was 25,117,833 milliseconds ago.
Aug 15, 2024 10:08:56 PM com.ruzzz.nemo.panel.IncomePanel calculateIncomeAndProfitCombo
WARNING: ERROR WHILE CALCULATE IMCOME TOTAL BY COMBOBOXjava.lang.NullPointerException
Aug 15, 2024 10:09:52 PM com.ruzzz.nemo.panel.IncomePanel jButton9ActionPerformed
WARNING: TABLE EXPORT TO PDF ; Error: net.sf.jasperreports.engine.JRException: java.io.FileNotFoundException: src\com\ruzzz\nemo\report\income.jrxml (The system cannot find the file specified)
Aug 15, 2024 10:10:02 PM com.ruzzz.nemo.panel.IncomePanel jButton9ActionPerformed
WARNING: TABLE EXPORT TO PDF ; Error: net.sf.jasperreports.engine.JRException: java.io.FileNotFoundException: src\com\ruzzz\nemo\report\income.jrxml (The system cannot find the file specified)
Aug 16, 2024 12:04:48 AM com.ruzzz.nemo.panel.IncomePanel calculateIncomeAndProfitCombo
WARNING: ERROR WHILE CALCULATE IMCOME TOTAL BY COMBOBOXjava.lang.NullPointerException
Aug 16, 2024 12:15:19 AM com.ruzzz.nemo.gui.ControlPanel formWindowClosing
WARNING: SYSTEM CLOSE LOG UPDATE ERROR; Error: com.mysql.cj.jdbc.exceptions.CommunicationsException: Communications link failure

The last packet successfully received from the server was 630,965 milliseconds ago. The last packet sent successfully to the server was 631,056 milliseconds ago.
Aug 16, 2024 12:27:00 AM com.ruzzz.nemo.gui.ControlPanel formWindowClosing
WARNING: SYSTEM CLOSE LOG UPDATE ERROR; Error: com.mysql.cj.jdbc.exceptions.CommunicationsException: Communications link failure

The last packet successfully received from the server was 608,547 milliseconds ago. The last packet sent successfully to the server was 608,657 milliseconds ago.
Aug 18, 2024 7:59:33 AM com.ruzzz.nemo.panel.IncomePanel calculateIncomeAndProfitCombo
WARNING: ERROR WHILE CALCULATE IMCOME TOTAL BY COMBOBOXjava.lang.NullPointerException
Aug 18, 2024 11:55:25 AM com.ruzzz.nemo.panel.IncomePanel calculateIncomeAndProfitCombo
WARNING: ERROR WHILE CALCULATE IMCOME TOTAL BY COMBOBOXjava.lang.NullPointerException
Aug 18, 2024 12:00:23 PM com.ruzzz.nemo.panel.IncomePanel calculateIncomeAndProfitCombo
WARNING: ERROR WHILE CALCULATE IMCOME TOTAL BY COMBOBOXjava.lang.NullPointerException
Aug 18, 2024 12:00:25 PM com.ruzzz.nemo.panel.IncomePanel calculateIncomeAndProfitCombo
WARNING: ERROR WHILE CALCULATE IMCOME TOTAL BY COMBOBOXjava.lang.NullPointerException
Aug 18, 2024 12:00:25 PM com.ruzzz.nemo.panel.IncomePanel calculateIncomeAndProfitCombo
WARNING: ERROR WHILE CALCULATE IMCOME TOTAL BY COMBOBOXjava.lang.NullPointerException
Aug 18, 2024 12:00:27 PM com.ruzzz.nemo.panel.IncomePanel calculateIncomeAndProfitCombo
WARNING: ERROR WHILE CALCULATE IMCOME TOTAL BY COMBOBOXjava.lang.NullPointerException
Aug 18, 2024 12:00:27 PM com.ruzzz.nemo.panel.IncomePanel calculateIncomeAndProfitCombo
WARNING: ERROR WHILE CALCULATE IMCOME TOTAL BY COMBOBOXjava.lang.NullPointerException
Aug 18, 2024 12:00:28 PM com.ruzzz.nemo.panel.IncomePanel calculateIncomeAndProfitCombo
WARNING: ERROR WHILE CALCULATE IMCOME TOTAL BY COMBOBOXjava.lang.NullPointerException
Aug 18, 2024 12:01:40 PM com.ruzzz.nemo.panel.IncomePanel calculateIncomeAndProfitCombo
WARNING: ERROR WHILE CALCULATE IMCOME TOTAL BY COMBOBOXjava.lang.NullPointerException
Aug 23, 2024 3:30:22 PM com.ruzzz.nemo.panel.IncomePanel calculateIncomeAndProfitCombo
WARNING: ERROR WHILE CALCULATE IMCOME TOTAL BY COMBOBOXjava.lang.NullPointerException
Aug 28, 2024 12:46:52 PM com.ruzzz.nemo.gui.SignIn jButton1ActionPerformed
WARNING: PASSWORD RECOVARY Exception; Error: java.lang.NullPointerException
Aug 28, 2024 12:51:51 PM com.ruzzz.nemo.panel.IncomePanel calculateIncomeAndProfitCombo
WARNING: ERROR WHILE CALCULATE IMCOME TOTAL BY COMBOBOXjava.lang.NullPointerException
Aug 28, 2024 12:59:15 PM com.ruzzz.nemo.dialog.ReservationDeatailDialog loadData
WARNING: RESERVATION DETAIL LOADING ERROR ; Error: java.sql.SQLNonTransientConnectionException: No operations allowed after connection closed.
Aug 28, 2024 12:59:19 PM com.ruzzz.nemo.dialog.ReservationDeatailDialog loadData
WARNING: RESERVATION DETAIL LOADING ERROR ; Error: java.sql.SQLNonTransientConnectionException: No operations allowed after connection closed.
Aug 28, 2024 12:59:21 PM com.ruzzz.nemo.dialog.ReservationDeatailDialog loadData
WARNING: RESERVATION DETAIL LOADING ERROR ; Error: java.sql.SQLNonTransientConnectionException: No operations allowed after connection closed.
Aug 28, 2024 12:59:24 PM com.ruzzz.nemo.panel.ReservationListPanel loadReservations
WARNING: RESERVATION SEARCH ERROR; Error: java.sql.SQLNonTransientConnectionException: No operations allowed after connection closed.
Aug 28, 2024 12:59:24 PM com.ruzzz.nemo.panel.ReservationListPanel loadReservations
WARNING: RESERVATION SEARCH ERROR; Error: java.sql.SQLNonTransientConnectionException: No operations allowed after connection closed.
Aug 28, 2024 12:59:24 PM com.ruzzz.nemo.panel.ReservationListPanel loadReservations
WARNING: RESERVATION SEARCH ERROR; Error: java.sql.SQLNonTransientConnectionException: No operations allowed after connection closed.
Aug 28, 2024 12:59:24 PM com.ruzzz.nemo.panel.ReservationListPanel loadReservations
WARNING: RESERVATION SEARCH ERROR; Error: java.sql.SQLNonTransientConnectionException: No operations allowed after connection closed.
Aug 28, 2024 12:59:24 PM com.ruzzz.nemo.panel.ReservationListPanel loadReservations
WARNING: RESERVATION SEARCH ERROR; Error: java.sql.SQLNonTransientConnectionException: No operations allowed after connection closed.
Aug 28, 2024 12:59:24 PM com.ruzzz.nemo.panel.ReservationListPanel loadReservations
WARNING: RESERVATION SEARCH ERROR; Error: java.sql.SQLNonTransientConnectionException: No operations allowed after connection closed.
Aug 28, 2024 12:59:24 PM com.ruzzz.nemo.panel.ReservationListPanel loadReservations
WARNING: RESERVATION SEARCH ERROR; Error: java.sql.SQLNonTransientConnectionException: No operations allowed after connection closed.
Aug 28, 2024 12:59:24 PM com.ruzzz.nemo.panel.ReservationListPanel loadReservations
WARNING: RESERVATION SEARCH ERROR; Error: java.sql.SQLNonTransientConnectionException: No operations allowed after connection closed.
Aug 28, 2024 12:59:24 PM com.ruzzz.nemo.panel.ReservationListPanel loadReservations
WARNING: RESERVATION SEARCH ERROR; Error: java.sql.SQLNonTransientConnectionException: No operations allowed after connection closed.
Aug 28, 2024 12:59:24 PM com.ruzzz.nemo.panel.ReservationListPanel loadReservations
WARNING: RESERVATION SEARCH ERROR; Error: java.sql.SQLNonTransientConnectionException: No operations allowed after connection closed.
Aug 28, 2024 12:59:25 PM com.ruzzz.nemo.panel.ReservationListPanel loadReservations
WARNING: RESERVATION SEARCH ERROR; Error: java.sql.SQLNonTransientConnectionException: No operations allowed after connection closed.
Aug 28, 2024 12:59:25 PM com.ruzzz.nemo.panel.ReservationListPanel loadReservations
WARNING: RESERVATION SEARCH ERROR; Error: java.sql.SQLNonTransientConnectionException: No operations allowed after connection closed.
Aug 28, 2024 12:59:26 PM com.ruzzz.nemo.panel.ReservationListPanel loadReservations
WARNING: RESERVATION SEARCH ERROR; Error: java.sql.SQLNonTransientConnectionException: No operations allowed after connection closed.
Aug 28, 2024 12:59:26 PM com.ruzzz.nemo.panel.ReservationListPanel loadReservations
WARNING: RESERVATION SEARCH ERROR; Error: java.sql.SQLNonTransientConnectionException: No operations allowed after connection closed.
Aug 28, 2024 12:59:27 PM com.ruzzz.nemo.panel.ReservationListPanel loadReservations
WARNING: RESERVATION SEARCH ERROR; Error: java.sql.SQLNonTransientConnectionException: No operations allowed after connection closed.
Aug 28, 2024 12:59:27 PM com.ruzzz.nemo.panel.ReservationListPanel loadReservations
WARNING: RESERVATION SEARCH ERROR; Error: java.sql.SQLNonTransientConnectionException: No operations allowed after connection closed.
Aug 28, 2024 12:59:30 PM com.ruzzz.nemo.gui.ControlPanel formWindowClosing
WARNING: SYSTEM CLOSE LOG UPDATE ERROR; Error: java.sql.SQLNonTransientConnectionException: No operations allowed after connection closed.
Aug 28, 2024 1:00:45 PM com.ruzzz.nemo.panel.IncomePanel calculateIncomeAndProfitCombo
WARNING: ERROR WHILE CALCULATE IMCOME TOTAL BY COMBOBOXjava.lang.NullPointerException
Aug 28, 2024 1:05:33 PM com.ruzzz.nemo.panel.IncomePanel calculateIncomeAndProfitCombo
WARNING: ERROR WHILE CALCULATE IMCOME TOTAL BY COMBOBOXjava.lang.NullPointerException
Aug 28, 2024 1:12:02 PM com.ruzzz.nemo.panel.ServicePanel loadServices
WARNING: SERVICE TABLE LOADING Exception; Error: com.mysql.cj.jdbc.exceptions.CommunicationsException: Communications link failure

The last packet successfully received from the server was 350,038 milliseconds ago. The last packet sent successfully to the server was 350,111 milliseconds ago.
Aug 28, 2024 1:12:07 PM com.ruzzz.nemo.panel.ReservationListPanel loadReservations
WARNING: RESERVATION SEARCH ERROR; Error: java.sql.SQLNonTransientConnectionException: No operations allowed after connection closed.
Aug 28, 2024 1:12:07 PM com.ruzzz.nemo.panel.ReservationListPanel loadReservations
WARNING: RESERVATION SEARCH ERROR; Error: java.sql.SQLNonTransientConnectionException: No operations allowed after connection closed.
Aug 28, 2024 1:12:10 PM com.ruzzz.nemo.panel.ServicePanel loadServices
WARNING: SERVICE TABLE LOADING Exception; Error: java.sql.SQLNonTransientConnectionException: No operations allowed after connection closed.
Aug 28, 2024 1:12:11 PM com.ruzzz.nemo.panel.IncomePanel loadYears
WARNING: ERROR WHILELOADING YEAR COMBOBOXjava.sql.SQLNonTransientConnectionException: No operations allowed after connection closed.
Aug 28, 2024 1:12:15 PM com.ruzzz.nemo.gui.ControlPanel formWindowClosing
WARNING: SYSTEM CLOSE LOG UPDATE ERROR; Error: java.sql.SQLNonTransientConnectionException: No operations allowed after connection closed.
Aug 28, 2024 1:13:01 PM com.ruzzz.nemo.panel.IncomePanel calculateIncomeAndProfitCombo
WARNING: ERROR WHILE CALCULATE IMCOME TOTAL BY COMBOBOXjava.lang.NullPointerException
Aug 28, 2024 4:40:49 PM com.ruzzz.nemo.gui.ControlPanel formWindowClosing
WARNING: SYSTEM CLOSE LOG UPDATE ERROR; Error: com.mysql.cj.jdbc.exceptions.CommunicationsException: Communications link failure

The last packet successfully received from the server was 12,455,815 milliseconds ago. The last packet sent successfully to the server was 12,455,896 milliseconds ago.
