Aug 01, 2024 8:30:45 PM com.ruzzz.nemo.gui.SignIn jButton2ActionPerformed
INFO: LOGIN SUCCESS; Name:Thiwian Medagama| Email:thiwainm@gmail.com
Aug 01, 2024 8:31:51 PM com.ruzzz.nemo.gui.ControlPanel formWindowClosing
INFO: SYSTEM CLOSED by Name:Thiwian Medagama
Aug 01, 2024 9:10:42 PM com.ruzzz.nemo.gui.SignIn jButton2ActionPerformed
INFO: LOGIN SUCCESS; Name:Thiwian Medagama| Email:thiwainm@gmail.com
Aug 01, 2024 9:13:47 PM com.ruzzz.nemo.gui.ControlPanel formWindowClosing
INFO: SYSTEM CLOSED by Name:Thiwian Medagama
Aug 01, 2024 9:20:40 PM com.ruzzz.nemo.gui.SignIn jButton2ActionPerformed
INFO: LOGIN SUCCESS; Name:Thiwian Medagama| Email:thiwainm@gmail.com
Aug 01, 2024 9:28:48 PM com.ruzzz.nemo.dialog.ReservationDeatailDialog jButton1ActionPerformed
INFO: RESERVATION fullfilled: --> fullfilled ByThiwian Medagama
Aug 01, 2024 9:37:47 PM com.ruzzz.nemo.panel.ReservationPanel jButton3ActionPerformed
INFO: Reservation(R3611506) Added by Name:Thiwian Medagama
Aug 01, 2024 9:38:15 PM com.ruzzz.nemo.dialog.ReservationDeatailDialog jButton1ActionPerformed
INFO: RESERVATION fullfilled: --> fullfilled ByThiwian Medagama
Aug 01, 2024 9:38:55 PM com.ruzzz.nemo.gui.ControlPanel formWindowClosing
INFO: SYSTEM CLOSED by Name:Thiwian Medagama
Aug 01, 2024 9:51:32 PM com.ruzzz.nemo.gui.SignIn jButton2ActionPerformed
INFO: LOGIN SUCCESS; Name:Thiwian Medagama| Email:thiwainm@gmail.com
Aug 01, 2024 9:52:43 PM com.ruzzz.nemo.gui.ControlPanel formWindowClosing
INFO: SYSTEM CLOSED by Name:Thiwian Medagama
Aug 03, 2024 1:28:57 PM com.ruzzz.nemo.gui.SignIn jButton2ActionPerformed
INFO: LOGIN SUCCESS; Name:Thiwian Medagama| Email:thiwainm@gmail.com
Aug 03, 2024 1:44:17 PM com.ruzzz.nemo.gui.ControlPanel formWindowClosing
INFO: SYSTEM CLOSED by Name:Thiwian Medagama
Aug 03, 2024 1:46:52 PM com.ruzzz.nemo.gui.SignIn jButton2ActionPerformed
INFO: LOGIN SUCCESS; Name:Thiwian Medagama| Email:thiwainm@gmail.com
Aug 03, 2024 2:08:45 PM com.ruzzz.nemo.gui.ControlPanel formWindowClosing
INFO: SYSTEM CLOSED by Name:Thiwian Medagama
Aug 03, 2024 2:14:13 PM com.ruzzz.nemo.gui.SignIn jButton2ActionPerformed
INFO: LOGIN SUCCESS; Name:Thiwian Medagama| Email:thiwainm@gmail.com
Aug 03, 2024 2:19:52 PM com.ruzzz.nemo.gui.ControlPanel formWindowClosing
INFO: SYSTEM CLOSED by Name:Thiwian Medagama
Aug 03, 2024 2:26:17 PM com.ruzzz.nemo.gui.SignIn jButton2ActionPerformed
INFO: LOGIN SUCCESS; Name:Thiwian Medagama| Email:thiwainm@gmail.com
Aug 03, 2024 4:47:13 PM com.ruzzz.nemo.gui.ControlPanel formWindowClosing
INFO: SYSTEM CLOSED by Name:Thiwian Medagama
Aug 03, 2024 9:58:50 PM com.ruzzz.nemo.gui.SignIn jButton2ActionPerformed
INFO: LOGIN SUCCESS; Name:Thiwian Medagama| Email:thiwainm@gmail.com
Aug 03, 2024 10:07:45 PM com.ruzzz.nemo.dialog.ReservationDeatailDialog jButton4ActionPerformed
INFO: INVOICE EMAIL SENT: --> SENT BYThiwian Medagama
Aug 03, 2024 10:08:27 PM com.ruzzz.nemo.dialog.ReservationDeatailDialog jButton4ActionPerformed
INFO: INVOICE EMAIL SENT: --> SENT BYThiwian Medagama
Aug 03, 2024 10:08:56 PM com.ruzzz.nemo.dialog.ReservationDeatailDialog jButton4ActionPerformed
INFO: INVOICE EMAIL SENT: --> SENT BYThiwian Medagama
Aug 03, 2024 10:09:48 PM com.ruzzz.nemo.gui.ControlPanel formWindowClosing
INFO: SYSTEM CLOSED by Name:Thiwian Medagama
Aug 10, 2024 5:56:41 PM com.ruzzz.nemo.gui.SignIn jButton2ActionPerformed
INFO: LOGIN SUCCESS; Name:Thiwian Medagama| Email:thiwainm@gmail.com
Aug 10, 2024 5:58:10 PM com.ruzzz.nemo.panel.ReservationPanel jButton3ActionPerformed
INFO: Reservation(R0370803) Added by Name:Thiwian Medagama
Aug 10, 2024 5:58:28 PM com.ruzzz.nemo.dialog.ReservationDeatailDialog jButton1ActionPerformed
INFO: RESERVATION fullfilled: --> fullfilled ByThiwian Medagama
Aug 10, 2024 5:58:53 PM com.ruzzz.nemo.dialog.ReservationDeatailDialog jButton4ActionPerformed
INFO: INVOICE EMAIL SENT: --> SENT BYThiwian Medagama
Aug 10, 2024 6:01:30 PM com.ruzzz.nemo.gui.ControlPanel formWindowClosing
INFO: SYSTEM CLOSED by Name:Thiwian Medagama
Aug 15, 2024 1:26:14 AM com.ruzzz.nemo.gui.SignIn jButton2ActionPerformed
INFO: LOGIN SUCCESS; Name:Thiwian Medagama| Email:thiwainm@gmail.com
Aug 15, 2024 1:26:32 AM com.ruzzz.nemo.gui.ControlPanel formWindowClosing
INFO: SYSTEM CLOSED by Name:Thiwian Medagama
Aug 15, 2024 1:30:01 AM com.ruzzz.nemo.gui.SignIn jButton2ActionPerformed
INFO: LOGIN SUCCESS; Name:Thiwian Medagama| Email:thiwainm@gmail.com
Aug 15, 2024 1:31:32 AM com.ruzzz.nemo.gui.ControlPanel jButton3ActionPerformed
INFO: SYSTEM CLOSED by Name:Thiwian Medagama
Aug 15, 2024 1:37:11 AM com.ruzzz.nemo.gui.SignIn jButton2ActionPerformed
INFO: LOGIN SUCCESS; Name:Thiwian Medagama| Email:thiwainm@gmail.com
Aug 15, 2024 1:37:29 AM com.ruzzz.nemo.gui.ControlPanel formWindowClosing
INFO: SYSTEM CLOSED by Name:Thiwian Medagama
Aug 15, 2024 1:38:16 AM com.ruzzz.nemo.gui.SignIn jButton2ActionPerformed
INFO: LOGIN SUCCESS; Name:Thiwian Medagama| Email:thiwainm@gmail.com
Aug 15, 2024 1:49:30 AM com.ruzzz.nemo.gui.ControlPanel formWindowClosing
INFO: SYSTEM CLOSED by Name:Thiwian Medagama
Aug 15, 2024 1:51:32 AM com.ruzzz.nemo.gui.SignIn jButton2ActionPerformed
INFO: LOGIN SUCCESS; Name:Thiwian Medagama| Email:thiwainm@gmail.com
Aug 15, 2024 1:52:16 AM com.ruzzz.nemo.panel.EmployeePanel jButton5ActionPerformed
INFO: EMPLYOYEE PASSWORD UPDATEDBY Email:thiwainm@gmail.com OF EMPLOYEE:BA_26142
Aug 15, 2024 1:52:23 AM com.ruzzz.nemo.gui.ControlPanel formWindowClosing
INFO: SYSTEM CLOSED by Name:Thiwian Medagama
Aug 15, 2024 1:54:40 AM com.ruzzz.nemo.gui.SignIn jButton2ActionPerformed
INFO: LOGIN SUCCESS; Name:Jhonathan Doel| Email:mendisshayama@gmail.com
Aug 15, 2024 1:57:19 AM com.ruzzz.nemo.gui.ControlPanel formWindowClosing
INFO: SYSTEM CLOSED by Name:Jhonathan Doel
Aug 15, 2024 1:57:51 AM com.ruzzz.nemo.gui.SignIn jButton2ActionPerformed
INFO: LOGIN SUCCESS; Name:Thiwian Medagama| Email:thiwainm@gmail.com
Aug 15, 2024 2:14:07 AM com.ruzzz.nemo.gui.ControlPanel formWindowClosing
INFO: SYSTEM CLOSED by Name:Thiwian Medagama
Aug 15, 2024 2:15:31 AM com.ruzzz.nemo.gui.SignIn jButton2ActionPerformed
INFO: LOGIN SUCCESS; Name:Thiwian Medagama| Email:thiwainm@gmail.com
Aug 15, 2024 3:15:23 AM com.ruzzz.nemo.gui.ControlPanel formWindowClosing
INFO: SYSTEM CLOSED by Name:Thiwian Medagama
Aug 15, 2024 10:02:39 AM com.ruzzz.nemo.gui.SignIn jButton2ActionPerformed
INFO: LOGIN SUCCESS; Name:Thiwian Medagama| Email:thiwainm@gmail.com
Aug 15, 2024 10:39:02 AM com.ruzzz.nemo.gui.ControlPanel formWindowClosing
INFO: SYSTEM CLOSED by Name:Thiwian Medagama
Aug 15, 2024 10:41:01 AM com.ruzzz.nemo.gui.SignIn jButton2ActionPerformed
INFO: LOGIN SUCCESS; Name:Thiwian Medagama| Email:thiwainm@gmail.com
Aug 15, 2024 1:09:06 PM com.ruzzz.nemo.gui.ControlPanel formWindowClosing
INFO: SYSTEM CLOSED by Name:Thiwian Medagama
Aug 15, 2024 1:15:10 PM com.ruzzz.nemo.gui.SignIn jButton2ActionPerformed
INFO: LOGIN SUCCESS; Name:Thiwian Medagama| Email:thiwainm@gmail.com
Aug 15, 2024 8:14:44 PM com.ruzzz.nemo.gui.ControlPanel formWindowClosing
INFO: SYSTEM CLOSED by Name:Thiwian Medagama
Aug 15, 2024 10:08:22 PM com.ruzzz.nemo.gui.SignIn jButton2ActionPerformed
INFO: LOGIN SUCCESS; Name:Thiwian Medagama| Email:thiwainm@gmail.com
Aug 15, 2024 10:16:49 PM com.ruzzz.nemo.gui.ControlPanel formWindowClosing
INFO: SYSTEM CLOSED by Name:Thiwian Medagama
Aug 16, 2024 12:04:30 AM com.ruzzz.nemo.gui.SignIn jButton2ActionPerformed
INFO: LOGIN SUCCESS; Name:Thiwian Medagama| Email:thiwainm@gmail.com
Aug 16, 2024 12:15:19 AM com.ruzzz.nemo.gui.ControlPanel formWindowClosing
INFO: SYSTEM CLOSED by Name:Thiwian Medagama
Aug 16, 2024 12:16:29 AM com.ruzzz.nemo.gui.SignIn jButton2ActionPerformed
INFO: LOGIN SUCCESS; Name:Thiwian Medagama| Email:thiwainm@gmail.com
Aug 16, 2024 12:27:00 AM com.ruzzz.nemo.gui.ControlPanel formWindowClosing
INFO: SYSTEM CLOSED by Name:Thiwian Medagama
Aug 18, 2024 7:58:57 AM com.ruzzz.nemo.gui.SignIn jButton2ActionPerformed
INFO: LOGIN SUCCESS; Name:Thiwian Medagama| Email:thiwainm@gmail.com
Aug 18, 2024 8:00:30 AM com.ruzzz.nemo.gui.ControlPanel formWindowClosing
INFO: SYSTEM CLOSED by Name:Thiwian Medagama
Aug 18, 2024 10:48:15 AM com.ruzzz.nemo.gui.SignIn jButton2ActionPerformed
INFO: LOGIN SUCCESS; Name:Thiwian Medagama| Email:thiwainm@gmail.com
Aug 18, 2024 10:50:42 AM com.ruzzz.nemo.panel.EmployeePanel jButton1ActionPerformed
INFO: EMPLOYEE(thenuja@witellsolutions.com, Thenuja Hettiarachchi) REGISTERED BY thiwainm@gmail.com
Aug 18, 2024 10:53:00 AM com.ruzzz.nemo.gui.ControlPanel jButton3ActionPerformed
INFO: SYSTEM CLOSED by Name:Thiwian Medagama
Aug 18, 2024 11:46:10 AM com.ruzzz.nemo.gui.SignIn jButton1ActionPerformed
INFO: LOGIN WITH RECOVARY MODE -> SUCCESS; Name:Thiwian Medagama| Email:thiwainm@gmail.com
Aug 18, 2024 11:47:46 AM com.ruzzz.nemo.panel.EmployeePanel jButton3ActionPerformed
INFO: EMPLYOYEE DETAILS UPDATEDBY Email: OF EMPLOYEE:CA_31490
Aug 18, 2024 11:49:36 AM com.ruzzz.nemo.panel.EmployeePanel jButton1ActionPerformed
INFO: EMPLOYEE(chamela.jiat@gmail.com, Testfname TestLname) REGISTERED BY 
Aug 18, 2024 11:55:42 AM com.ruzzz.nemo.gui.ControlPanel formWindowClosing
INFO: SYSTEM CLOSED by Name:Thiwian Medagama
Aug 18, 2024 11:59:33 AM com.ruzzz.nemo.gui.SignIn jButton2ActionPerformed
INFO: LOGIN SUCCESS; Name:Thiwian Medagama| Email:thiwainm@gmail.com
Aug 18, 2024 12:04:03 PM com.ruzzz.nemo.gui.ControlPanel formWindowClosing
INFO: SYSTEM CLOSED by Name:Thiwian Medagama
Aug 23, 2024 3:28:04 PM com.ruzzz.nemo.gui.SignIn jButton2ActionPerformed
INFO: LOGIN SUCCESS; Name:Thiwian Medagama| Email:thiwainm@gmail.com
Aug 23, 2024 3:31:28 PM com.ruzzz.nemo.gui.ControlPanel formWindowClosing
INFO: SYSTEM CLOSED by Name:Thiwian Medagama
Aug 28, 2024 12:49:10 PM com.ruzzz.nemo.gui.SignIn jButton2ActionPerformed
INFO: LOGIN SUCCESS; Name:Thiwian Medagama| Email:thiwainm@gmail.com
Aug 28, 2024 12:59:30 PM com.ruzzz.nemo.gui.ControlPanel formWindowClosing
INFO: SYSTEM CLOSED by Name:Thiwian Medagama
Aug 28, 2024 1:00:24 PM com.ruzzz.nemo.gui.SignIn jButton2ActionPerformed
INFO: LOGIN SUCCESS; Name:Thiwian Medagama| Email:thiwainm@gmail.com
Aug 28, 2024 1:02:25 PM com.ruzzz.nemo.dialog.ReservationDeatailDialog jButton4ActionPerformed
INFO: INVOICE EMAIL SENT: --> SENT BYThiwian Medagama
Aug 28, 2024 1:12:15 PM com.ruzzz.nemo.gui.ControlPanel formWindowClosing
INFO: SYSTEM CLOSED by Name:Thiwian Medagama
Aug 28, 2024 1:12:47 PM com.ruzzz.nemo.gui.SignIn jButton2ActionPerformed
INFO: LOGIN SUCCESS; Name:Thiwian Medagama| Email:thiwainm@gmail.com
Aug 28, 2024 4:40:49 PM com.ruzzz.nemo.gui.ControlPanel formWindowClosing
INFO: SYSTEM CLOSED by Name:Thiwian Medagama
